key: 76
key: 85
key: 76
key: 87
key: 10
{'id': 136256, 'nick': 'ivans_back', 'roles': ['USER'], 'features': [], 'createdDate': '2021-08-01T09:45:57Z', 'watching': {'platform': 'kick', 'id': 'fancysloth'}, 'timestamp': 1760580381090, 'data': 'Chokladmos nah i just read the comic recently'}
{'id': 147813, 'nick': 'Eaze', 'roles': ['USER'], 'features': [], 'createdDate': '2022-03-26T22:24:13Z', 'watching': {'platform': 'kick', 'id': 'fancysloth'}, 'timestamp': 1760580382591, 'data': 'rootbeer Stare do u like strawberry shortcake?'}
{'id': 219410, 'nick': 'Strumpling', 'roles': ['USER'], 'features': [], 'createdDate': '2025-08-30T06:18:52Z', 'watching': {'platform': 'kick', 'id': 'fancysloth'}, 'timestamp': 1760580383553, 'data': 'well everything seems to be going extremely well'}
{'id': 150580, 'nick': 'SaintOfSwords69', 'roles': ['USER', 'SUBSCRIBER'], 'features': ['flair1', 'subscriber'], 'createdDate': '2022-04-07T02:30:30Z', 'watching': {'platform': 'kick', 'id': 'fancysloth'}, 'timestamp': 1760580384362, 'data': 'hesRight'}
{'id': 71749, 'nick': 'FerDeLancY', 'roles': ['USER'], 'features': [], 'createdDate': '2017-08-02T21:07:25Z', 'watching': {'platform': 'kick', 'id': 'fancysloth'}, 'timestamp': 1760580384382, 'data': 'Vietnam is saved AngelThump'}
{'id': 216443, 'nick': 'rootbeer', 'roles': ['USER'], 'features': [], 'createdDate': '2025-05-09T03:18:26Z', 'watching': None, 'timestamp': 1760580385216, 'data': 'Eaze just eat cheese or cake guh'}
{'id': 206332, 'nick': 'fluidfish1', 'roles': ['USER'], 'features': [], 'createdDate': '2024-10-03T02:12:18Z', 'watching': {'platform': 'kick', 'id': 'fancysloth'}, 'timestamp': 1760580443668, 'data': '>speaking of the US going crazy, The American Scream is a really cool comic about it FeelsOkayMan'}
{'id': 193251, 'nick': 'MrJafoole', 'roles': ['USER'], 'features': [], 'createdDate': '2023-11-18T22:45:19Z', 'watching': {'platform': 'kick', 'id': 'fancysloth'}, 'timestamp': 1760580444729, 'data': 'twitter and reddit still flaming hasan a week later OMEGALUL AngelThump'}
{'id': 213294, 'nick': 'MelatoninMisuser', 'roles': ['USER', 'SUBSCRIBER'], 'features': ['flair13', 'subscriber'], 'createdDate': '2025-01-21T19:21:58Z', 'watching': {'platform': 'kick', 'id': 'fancysloth'}, 'timestamp': 1760580445447, 'data': 'GIGACHAD'}
{'id': 204504, 'nick': 'SuperFlyTNT', 'roles': ['USER', 'SUBSCRIBER'], 'features': ['flair13', 'subscriber'], 'createdDate': '2024-08-22T19:00:51Z', 'watching': {'platform': 'kick', 'id': 'fancysloth'}, 'timestamp': 1760580446126, 'data': 'DCOLON'}
{'id': 219410, 'nick': 'Strumpling', 'roles': ['USER'], 'features': [], 'createdDate': '2025-08-30T06:18:52Z', 'watching': {'platform': 'kick', 'id': 'fancysloth'}, 'timestamp': 1760580446245, 'data': 'uh-oh'}
{'id': 173830, 'nick': 'Mugabashuga', 'roles': ['USER', 'SUBSCRIBER'], 'features': ['flair13', 'subscriber'], 'createdDate': '2022-12-09T04:59:35Z', 'watching': {'platform': 'kick', 'id': 'fancysloth'}, 'timestamp': 1760580446715, 'data': 'GIGACHAD'}
{'id': 148196, 'nick': 'Universali', 'roles': ['USER'], 'features': [], 'createdDate': '2022-03-28T05:59:20Z', 'watching': {'platform': 'kick', 'id': 'fancysloth'}, 'timestamp': 1760580446773, 'data': 'CINEMA'}
{'id': 130974, 'nick': '5DForce', 'roles': ['USER', 'SUBSCRIBER'], 'features': ['flair13', 'subscriber'], 'createdDate': '2021-04-09T19:53:16Z', 'watching': {'platform': 'kick', 'id': 'fancysloth'}, 'timestamp': 1760580446788, 'data': 'GIGACHAD'}
{'id': 200727, 'nick': 'xpct', 'roles': ['USER'], 'features': [], 'createdDate': '2024-07-14T21:13:38Z', 'watching': {'platform': 'kick', 'id': 'fancysloth'}, 'timestamp': 1760580446885, 'data': 'GIGACHAD'}
{'id': 203531, 'nick': 'telescopebuilder', 'roles': ['USER', 'SUBSCRIBER'], 'features': ['flair13', 'subscriber'], 'createdDate': '2024-08-02T22:31:08Z', 'watching': {'platform': 'kick', 'id': 'fancysloth'}, 'timestamp': 1760580447431, 'data': 'SMASHit'}
{'id': 99412, 'nick': 'RiN_LuX', 'roles': ['USER', 'MODERATOR', 'FLAIRS', 'HOST', 'SUBSCRIBER'], 'features': ['protected', 'moderator', 'flair34', 'flair1', 'subscriber'], 'createdDate': '2019-08-10T05:15:47Z', 'watching': {'platform': 'kick', 'id': 'fancysloth'}, 'timestamp': 1760580447576, 'data': 'GAGAGA'}
{'id': 213703, 'nick': 'nida_vellir', 'roles': ['USER', 'SUBSCRIBER'], 'features': ['flair13', 'subscriber'], 'createdDate': '2025-01-28T23:11:48Z', 'watching': {'platform': 'kick', 'id': 'fancysloth'}, 'timestamp': 1760580447584, 'data': 'GAGAGA'}
{'id': 94987, 'nick': 'Meta', 'roles': ['USER'], 'features': [], 'createdDate': '2019-04-24T00:58:10Z', 'watching': {'platform': 'kick', 'id': 'fancysloth'}, 'timestamp': 1760580448230, 'data': 'GIGACHAD'}
{'id': 164170, 'nick': 'Mluka', 'roles': ['USER'], 'features': [], 'createdDate': '2022-09-20T19:19:54Z', 'watching': {'platform': 'kick', 'id': 'fancysloth'}, 'timestamp': 1760580448337, 'data': 'GIGACHAD'}
{'id': 147676, 'nick': 'Mechakitty', 'roles': ['USER', 'SUBSCRIBER'], 'features': ['flair13', 'subscriber'], 'createdDate': '2022-03-26T02:23:47Z', 'watching': {'platform': 'kick', 'id': 'fancysloth'}, 'timestamp': 1760580448375, 'data': 'GIGACHAD'}
{'id': 86457, 'nick': 'Winkelmann', 'roles': ['USER'], 'features': [], 'createdDate': '2018-11-06T18:34:05Z', 'watching': {'platform': 'kick', 'id': 'fancysloth'}, 'timestamp': 1760580448675, 'data': 'GIGACHAD'}
{'id': 206942, 'nick': 'chickenz', 'roles': ['USER'], 'features': [], 'createdDate': '2024-10-20T00:03:24Z', 'watching': {'platform': 'kick', 'id': 'fancysloth'}, 'timestamp': 1760580448708, 'data': 'GIGACHAD'}
{'id': 70994, 'nick': 'baronzepelli', 'roles': ['USER'], 'features': [], 'createdDate': '2017-06-25T23:21:13Z', 'watching': {'platform': 'kick', 'id': 'fancysloth'}, 'timestamp': 1760580449296, 'data': 'GIGACHAD'}
{'id': 168815, 'nick': 'Eye_Miss_Poke', 'roles': ['USER', 'SUBSCRIBER'], 'features': ['flair13', 'subscriber'], 'createdDate': '2022-10-14T18:13:28Z', 'watching': {'platform': 'kick', 'id': 'fancysloth'}, 'timestamp': 1760580449415, 'data': 'GIGACHAD'}
{'id': 192925, 'nick': 'Kanchan', 'roles': ['USER'], 'features': [], 'createdDate': '2023-11-09T23:41:34Z', 'watching': {'platform': 'kick', 'id': 'fancysloth'}, 'timestamp': 1760580449740, 'data': 'GIGACHAD'}
{'id': 20758, 'nick': 'Infinitt', 'roles': ['USER', 'SUBSCRIBER'], 'features': ['flair13', 'subscriber'], 'createdDate': '2013-10-31T23:54:05Z', 'watching': {'platform': 'kick', 'id': 'fancysloth'}, 'timestamp': 1760580450073, 'data': 'REE'}
{'id': 99412, 'nick': 'RiN_LuX', 'roles': ['USER', 'MODERATOR', 'FLAIRS', 'HOST', 'SUBSCRIBER'], 'features': ['protected', 'moderator', 'flair34', 'flair1', 'subscriber'], 'createdDate': '2019-08-10T05:15:47Z', 'watching': {'platform': 'kick', 'id': 'fancysloth'}, 'timestamp': 1760580450905, 'data': 'LETHERCOOK'}
{'id': 203217, 'nick': 'muted', 'roles': ['USER'], 'features': [], 'createdDate': '2024-07-28T19:03:22Z', 'watching': {'platform': 'kick', 'id': 'fancysloth'}, 'timestamp': 1760580452278, 'data': 'GRUG ApeHands'}
{'id': 204504, 'nick': 'SuperFlyTNT', 'roles': ['USER', 'SUBSCRIBER'], 'features': ['flair13', 'subscriber'], 'createdDate': '2024-08-22T19:00:51Z', 'watching': {'platform': 'kick', 'id': 'fancysloth'}, 'timestamp': 1760580453322, 'data': 'REE'}
{'id': 99412, 'nick': 'RiN_LuX', 'roles': ['USER', 'MODERATOR', 'FLAIRS', 'HOST', 'SUBSCRIBER'], 'features': ['protected', 'moderator', 'flair34', 'flair1', 'subscriber'], 'createdDate': '2019-08-10T05:15:47Z', 'watching': {'platform': 'kick', 'id': 'fancysloth'}, 'timestamp': 1760580453366, 'data': 'monkaS'}
{'id': 215692, 'nick': 'YuleElf', 'roles': ['USER', 'SUBSCRIBER'], 'features': ['flair1', 'subscriber'], 'createdDate': '2025-04-08T18:48:59Z', 'watching': {'platform': 'kick', 'id': 'fancysloth'}, 'timestamp': 1760580455582, 'data': 'DR Clueless'}
{'id': 92740, 'nick': 'spectre_', 'roles': ['USER'], 'features': [], 'createdDate': '2019-03-15T05:24:52Z', 'watching': {'platform': 'kick', 'id': 'fancysloth'}, 'timestamp': 1760580456397, 'data': 'GIGACHAD  SELF DEFENSE'}
{'id': 211647, 'nick': 'typez', 'roles': ['USER', 'SUBSCRIBER'], 'features': ['flair42', 'subscriber'], 'createdDate': '2024-12-02T19:41:07Z', 'watching': {'platform': 'kick', 'id': 'fancysloth'}, 'timestamp': 1760580458738, 'data': 'GIGACHAD ApeHands'}
{'id': 203217, 'nick': 'muted', 'roles': ['USER'], 'features': [], 'createdDate': '2024-07-28T19:03:22Z', 'watching': {'platform': 'kick', 'id': 'fancysloth'}, 'timestamp': 1760580458908, 'data': 'GRUG chills'}
{'id': 136256, 'nick': 'ivans_back', 'roles': ['USER'], 'features': [], 'createdDate': '2021-08-01T09:45:57Z', 'watching': {'platform': 'kick', 'id': 'fancysloth'}, 'timestamp': 1760580459449, 'data': '>the woman started it both times PEPE'}
{'id': 164605, 'nick': 'Belckan', 'roles': ['USER', 'SUBSCRIBER'], 'features': ['flair1', 'subscriber'], 'createdDate': '2022-09-21T18:36:40Z', 'watching': {'platform': 'kick', 'id': 'fancysloth'}, 'timestamp': 1760580460482, 'data': 'MMMM why didnt he stop it'}
{'id': 99412, 'nick': 'RiN_LuX', 'roles': ['USER', 'MODERATOR', 'FLAIRS', 'HOST', 'SUBSCRIBER'], 'features': ['protected', 'moderator', 'flair34', 'flair1', 'subscriber'], 'createdDate': '2019-08-10T05:15:47Z', 'watching': {'platform': 'kick', 'id': 'fancysloth'}, 'timestamp': 1760580460550, 'data': 'uhhh'}
{'id': 200727, 'nick': 'xpct', 'roles': ['USER'], 'features': [], 'createdDate': '2024-07-14T21:13:38Z', 'watching': {'platform': 'kick', 'id': 'fancysloth'}, 'timestamp': 1760580460661, 'data': 'GIGACHAD ApeHands'}
{'id': 203531, 'nick': 'telescopebuilder', 'roles': ['USER', 'SUBSCRIBER'], 'features': ['flair13', 'subscriber'], 'createdDate': '2024-08-02T22:31:08Z', 'watching': {'platform': 'kick', 'id': 'fancysloth'}, 'timestamp': 1760580461693, 'data': 'SWEATSTINY'}
